This is TeX, C Version 3.1 (format=lplain 91.6.28)  20 DEC 1996 10:40
**images.tex
(images.tex
LaTeX Version 2.09 <7 Dec 1989>

(/usr/local/lib/TeX3.1/inputs/report.sty
Document Style `report' <13 Nov 89>.
(/usr/local/lib/TeX3.1/inputs/rep11.sty)
\descriptionmargin=\dimen99
\c@part=\count79
\c@chapter=\count80
\c@section=\count81
\c@subsection=\count82
\c@subsubsection=\count83
\c@paragraph=\count84
\c@subparagraph=\count85
\c@figure=\count86
\c@table=\count87
(/usr/local/lib/TeX3.1/inputs/titlepage.sty)) (/usr/local/lib/TeX3.1/inputs/htm
l.sty)
\lthtmlwrite=\write3
\sizebox=\box25
(images.aux)
latex2htmlSize :tex2html_wrap_inline4509: 4.86667pt::0.0pt.
[1


]
latex2htmlSize :tex2html_wrap_inline4511: 4.86667pt::0.0pt.
[2

]
latex2htmlSize :tex2html_wrap_inline4513: 4.86667pt::0.0pt.
[3

]
latex2htmlSize :tex2html_wrap_inline4515: 4.86667pt::0.0pt.
[4

]
latex2htmlSize :tex2html_wrap_inline4517: 4.86667pt::0.0pt.
[5

]
latex2htmlSize :tex2html_wrap_inline4519: 4.86667pt::0.0pt.
[6

]
latex2htmlSize :tex2html_wrap_inline4521: 4.86667pt::0.0pt.
[7

]
latex2htmlSize :tex2html_wrap_inline4523: 4.86667pt::0.0pt.
[8

]
latex2htmlSize :tex2html_wrap_inline4525: 4.86667pt::0.0pt.
[9

]
latex2htmlSize :tex2html_wrap_inline4527: 9.52922pt::0.0pt.
[10

]
latex2htmlSize :tex2html_wrap_inline4529: 9.52922pt::0.0pt.
[11

]
latex2htmlSize :tex2html_wrap_inline4531: 9.52922pt::2.73749pt.
[12

]
latex2htmlSize :tex2html_wrap_inline4533: 4.86667pt::0.0pt.
[13

]
latex2htmlSize :tex2html_wrap_inline4535: 4.86667pt::0.0pt.
[14

]
latex2htmlSize :tex2html_wrap_inline4537: 4.86667pt::0.0pt.
[15

]
latex2htmlSize :tex2html_wrap_inline4539: 4.86667pt::0.0pt.
[16

] (images.aux) ) 
Here is how much of TeX's memory you used:
 254 strings out of 4463
 2460 string characters out of 63229
 27586 words of memory out of 262141
 2199 multiletter control sequences out of 9500
 18996 words of font info for 72 fonts, out of 72000 for 255
 14 hyphenation exceptions out of 607
 12i,4n,15p,212b,51s stack positions out of 300i,40n,60p,3000b,4000s

Output written on images.dvi (16 pages, 1540 bytes).
